[2025-05-30T16:54:13.846Z] POST /api/auth/login
[2025-05-30T16:54:13.872Z] POST /api/auth/login 500 - 24ms
[2025-05-30T16:54:34.557Z] POST /api/auth/login
[2025-05-30T16:54:34.686Z] POST /api/auth/login 200 - 128ms
[2025-05-30T16:56:15.890Z] GET /api/produtos
[2025-05-30T16:56:15.903Z] GET /api/produtos 200 - 13ms
[2025-05-30T16:56:25.656Z] GET /api/produtos
[2025-05-30T16:56:25.659Z] GET /api/produtos 200 - 2ms
[2025-05-30T16:56:26.143Z] GET /api/produtos
[2025-05-30T16:56:26.147Z] GET /api/produtos 200 - 4ms
[2025-05-30T16:56:26.286Z] GET /api/produtos
[2025-05-30T16:56:26.291Z] GET /api/produtos 200 - 4ms
[2025-05-30T16:56:33.848Z] GET /api/produtos
[2025-05-30T16:56:33.852Z] GET /api/produtos 200 - 3ms
[2025-05-30T16:56:43.329Z] POST /api/carrinho/items
[2025-05-30T16:56:43.331Z] POST /api/carrinho/items 500 - 2ms
[2025-05-30T16:56:56.217Z] POST /api/carrinho/items
[2025-05-30T16:56:56.219Z] POST /api/carrinho/items 401 - 1ms
[2025-05-30T17:00:56.230Z] GET /api/produtos
[2025-05-30T17:00:56.270Z] GET /api/produtos 200 - 38ms
[2025-05-30T17:01:06.985Z] GET /api/produtos
[2025-05-30T17:01:06.989Z] GET /api/produtos 200 - 4ms
[2025-05-30T17:01:08.032Z] GET /api/produtos
[2025-05-30T17:01:08.036Z] GET /api/produtos 200 - 3ms
[2025-05-30T17:01:15.914Z] POST /api/carrinho/items
[2025-05-30T17:01:15.918Z] POST /api/carrinho/items 401 - 3ms
[2025-05-30T17:01:21.585Z] POST /api/carrinho/items
[2025-05-30T17:01:21.588Z] POST /api/carrinho/items 500 - 2ms
[2025-05-30T17:01:23.319Z] POST /api/carrinho/items
[2025-05-30T17:01:23.322Z] POST /api/carrinho/items 500 - 1ms
[2025-05-30T17:05:48.799Z] POST /api/carrinho/items
[2025-05-30T17:05:48.807Z] POST /api/carrinho/items 404 - 6ms
[2025-05-30T17:05:49.744Z] POST /api/carrinho/items
[2025-05-30T17:05:49.747Z] POST /api/carrinho/items 404 - 2ms
[2025-05-30T17:06:30.177Z] POST /api/carrinho/items
[2025-05-30T17:06:30.179Z] POST /api/carrinho/items 404 - 2ms
[2025-05-30T17:06:30.695Z] POST /api/carrinho/items
[2025-05-30T17:06:30.697Z] POST /api/carrinho/items 404 - 2ms
[2025-05-30T17:06:52.791Z] POST /api/carrinho/itens
[2025-05-30T17:06:52.815Z] POST /api/carrinho/itens 400 - 24ms
[2025-05-30T17:06:57.726Z] POST /api/carrinho/itens
[2025-05-30T17:06:57.730Z] POST /api/carrinho/itens 400 - 3ms
[2025-05-30T17:07:23.750Z] POST /api/carrinho/itens
[2025-05-30T17:07:23.755Z] POST /api/carrinho/itens 400 - 3ms
[2025-05-30T17:07:24.223Z] POST /api/carrinho/itens
[2025-05-30T17:07:24.227Z] POST /api/carrinho/itens 400 - 4ms
[2025-05-30T17:07:24.367Z] POST /api/carrinho/itens
[2025-05-30T17:07:24.372Z] POST /api/carrinho/itens 400 - 4ms
[2025-05-30T17:07:24.509Z] POST /api/carrinho/itens
[2025-05-30T17:07:24.513Z] POST /api/carrinho/itens 400 - 3ms
[2025-05-30T17:07:24.679Z] POST /api/carrinho/itens
[2025-05-30T17:07:24.684Z] POST /api/carrinho/itens 400 - 5ms
[2025-05-30T17:13:51.417Z] POST /api/carrinho/itens
[2025-05-30T17:13:51.422Z] POST /api/carrinho/itens 400 - 5ms
[2025-05-30T17:31:41.251Z] POST /api/auth/login
[2025-05-30T17:31:41.338Z] POST /api/auth/login 200 - 85ms
[2025-05-30T17:31:49.351Z] GET /api/produtos
[2025-05-30T17:31:49.357Z] GET /api/produtos 200 - 5ms
[2025-05-30T17:31:50.030Z] GET /api/produtos
[2025-05-30T17:31:50.034Z] GET /api/produtos 200 - 3ms
[2025-05-30T17:32:01.456Z] POST /api/carrinho/itens
[2025-05-30T17:32:01.467Z] POST /api/carrinho/itens 400 - 10ms
[2025-05-30T17:32:01.982Z] POST /api/carrinho/itens
[2025-05-30T17:32:01.986Z] POST /api/carrinho/itens 400 - 3ms
[2025-05-30T17:40:52.333Z] POST /api/carrinho/itens
[2025-05-30T17:40:52.363Z] POST /api/carrinho/itens 404 - 28ms
[2025-05-30T17:40:53.046Z] POST /api/carrinho/itens
[2025-05-30T17:40:53.051Z] POST /api/carrinho/itens 404 - 4ms
[2025-05-30T17:40:56.774Z] POST /api/auth/login
[2025-05-30T17:40:56.837Z] POST /api/auth/login 200 - 62ms
[2025-05-30T17:40:58.389Z] GET /api/produtos
[2025-05-30T17:40:58.393Z] GET /api/produtos 200 - 4ms
[2025-05-30T17:40:58.814Z] GET /api/produtos
[2025-05-30T17:40:58.818Z] GET /api/produtos 200 - 3ms
[2025-05-30T17:40:58.998Z] GET /api/produtos
[2025-05-30T17:40:59.002Z] GET /api/produtos 200 - 3ms
[2025-05-30T17:40:59.157Z] GET /api/produtos
[2025-05-30T17:40:59.161Z] GET /api/produtos 200 - 3ms
[2025-05-30T17:40:59.302Z] GET /api/produtos
[2025-05-30T17:40:59.305Z] GET /api/produtos 200 - 3ms
[2025-05-30T17:40:59.454Z] GET /api/produtos
[2025-05-30T17:40:59.461Z] GET /api/produtos 200 - 4ms
[2025-05-30T17:40:59.598Z] GET /api/produtos
[2025-05-30T17:40:59.603Z] GET /api/produtos 200 - 5ms
[2025-05-30T17:41:35.223Z] POST /api/carrinho/itens
[2025-05-30T17:41:35.226Z] POST /api/carrinho/itens 400 - 2ms
