[2025-06-04T19:46:34.446Z] GET /api/carrinho
[2025-06-04T19:46:34.451Z] GET /api/carrinho 304 - 4ms
[2025-06-04T19:46:34.452Z] GET /api/carrinho
[2025-06-04T19:46:34.456Z] GET /api/carrinho 304 - 3ms
[2025-06-04T19:46:34.457Z] GET /api/carrinho
[2025-06-04T19:46:34.462Z] GET /api/carrinho 304 - 5ms
[2025-06-04T19:46:36.442Z] GET /api/carrinho
[2025-06-04T19:46:36.448Z] GET /api/carrinho 304 - 5ms
[2025-06-04T19:46:36.449Z] GET /api/carrinho
[2025-06-04T19:46:36.453Z] GET /api/carrinho 304 - 3ms
[2025-06-04T19:46:36.454Z] GET /api/carrinho
[2025-06-04T19:46:36.466Z] GET /api/carrinho 304 - 10ms
[2025-06-04T19:46:37.126Z] GET /api/carrinho
[2025-06-04T19:46:37.135Z] GET /api/carrinho 304 - 5ms
[2025-06-04T19:46:37.135Z] GET /api/carrinho
[2025-06-04T19:46:37.143Z] GET /api/carrinho 304 - 6ms
[2025-06-04T19:46:37.145Z] GET /api/carrinho
[2025-06-04T19:46:37.153Z] GET /api/carrinho 304 - 7ms
[2025-06-04T19:46:37.712Z] GET /api/carrinho
[2025-06-04T19:46:37.721Z] GET /api/carrinho 304 - 7ms
[2025-06-04T19:46:37.722Z] GET /api/carrinho
[2025-06-04T19:46:37.737Z] GET /api/carrinho 304 - 12ms
[2025-06-04T19:46:37.737Z] GET /api/carrinho
[2025-06-04T19:46:37.741Z] GET /api/carrinho 304 - 3ms
[2025-06-04T19:46:38.170Z] GET /api/carrinho
[2025-06-04T19:46:38.173Z] GET /api/carrinho 304 - 2ms
[2025-06-04T19:46:38.173Z] GET /api/carrinho
[2025-06-04T19:46:38.177Z] GET /api/carrinho 304 - 3ms
[2025-06-04T19:46:38.178Z] GET /api/carrinho
[2025-06-04T19:46:38.181Z] GET /api/carrinho 304 - 3ms
[2025-06-04T19:46:38.689Z] GET /api/carrinho
[2025-06-04T19:46:38.694Z] GET /api/carrinho 304 - 3ms
[2025-06-04T19:46:38.695Z] GET /api/carrinho
[2025-06-04T19:46:38.704Z] GET /api/carrinho 304 - 9ms
[2025-06-04T19:46:38.705Z] GET /api/carrinho
[2025-06-04T19:46:38.716Z] GET /api/carrinho 304 - 9ms
[2025-06-04T19:46:39.102Z] GET /api/carrinho
[2025-06-04T19:46:39.105Z] GET /api/carrinho 304 - 3ms
[2025-06-04T19:46:39.106Z] GET /api/carrinho
[2025-06-04T19:46:39.108Z] GET /api/carrinho 304 - 2ms
[2025-06-04T19:46:39.109Z] GET /api/carrinho
[2025-06-04T19:46:39.112Z] GET /api/carrinho 304 - 3ms
[2025-06-04T19:46:39.663Z] GET /api/carrinho
[2025-06-04T19:46:39.672Z] GET /api/carrinho 304 - 5ms
[2025-06-04T19:46:39.673Z] GET /api/carrinho
[2025-06-04T19:46:39.678Z] GET /api/carrinho 304 - 4ms
[2025-06-04T19:46:39.679Z] GET /api/carrinho
[2025-06-04T19:46:39.689Z] GET /api/carrinho 304 - 9ms
[2025-06-04T19:46:41.101Z] GET /api/carrinho
[2025-06-04T19:46:41.110Z] GET /api/carrinho 304 - 5ms
[2025-06-04T19:46:41.112Z] GET /api/carrinho
[2025-06-04T19:46:41.118Z] GET /api/carrinho 304 - 5ms
[2025-06-04T19:46:41.119Z] GET /api/carrinho
[2025-06-04T19:46:41.123Z] GET /api/carrinho 304 - 4ms
[2025-06-04T19:46:44.341Z] GET /api/carrinho
[2025-06-04T19:46:44.345Z] GET /api/carrinho 304 - 4ms
[2025-06-04T19:46:44.346Z] GET /api/carrinho
[2025-06-04T19:46:44.350Z] GET /api/carrinho 304 - 3ms
[2025-06-04T19:46:45.535Z] GET /api/carrinho
[2025-06-04T19:46:45.540Z] GET /api/carrinho 304 - 4ms
[2025-06-04T19:46:45.541Z] GET /api/carrinho
[2025-06-04T19:46:45.544Z] GET /api/carrinho 304 - 2ms
[2025-06-04T19:46:48.965Z] POST /api/pedidos
[2025-06-04T19:46:48.966Z] POST /api/pedidos 404 - 1ms
[2025-06-04T19:47:49.493Z] GET /api/carrinho
[2025-06-04T19:47:49.500Z] GET /api/carrinho 304 - 5ms
[2025-06-04T19:47:49.501Z] GET /api/carrinho
[2025-06-04T19:47:49.509Z] GET /api/carrinho 304 - 6ms
[2025-06-04T19:47:49.510Z] GET /api/carrinho
[2025-06-04T19:47:49.519Z] GET /api/carrinho 304 - 7ms
[2025-06-04T19:47:50.906Z] GET /api/carrinho
[2025-06-04T19:47:50.909Z] GET /api/carrinho 304 - 3ms
[2025-06-04T19:47:50.910Z] GET /api/carrinho
[2025-06-04T19:47:50.913Z] GET /api/carrinho 304 - 3ms
[2025-06-04T19:47:52.072Z] GET /api/carrinho
[2025-06-04T19:47:52.075Z] GET /api/carrinho 304 - 3ms
[2025-06-04T19:47:52.076Z] GET /api/carrinho
[2025-06-04T19:47:52.081Z] GET /api/carrinho 304 - 3ms
[2025-06-04T19:47:52.652Z] POST /api/pedidos
[2025-06-04T19:47:52.653Z] POST /api/pedidos 404 - 1ms
[2025-06-04T19:48:01.821Z] POST /api/pedidos
[2025-06-04T19:48:01.823Z] POST /api/pedidos 404 - 1ms
[2025-06-04T19:48:05.843Z] POST /api/pedidos
[2025-06-04T19:48:05.844Z] POST /api/pedidos 404 - 1ms
[2025-06-04T19:48:06.386Z] POST /api/pedidos
[2025-06-04T19:48:06.387Z] POST /api/pedidos 404 - 0ms
[2025-06-04T19:48:06.667Z] POST /api/pedidos
[2025-06-04T19:48:06.668Z] POST /api/pedidos 404 - 1ms
[2025-06-04T19:48:06.867Z] POST /api/pedidos
[2025-06-04T19:48:06.868Z] POST /api/pedidos 404 - 0ms
[2025-06-04T19:48:07.307Z] POST /api/pedidos
[2025-06-04T19:48:07.308Z] POST /api/pedidos 404 - 1ms
[2025-06-04T19:48:07.523Z] POST /api/pedidos
[2025-06-04T19:48:07.524Z] POST /api/pedidos 404 - 0ms
[2025-06-04T19:48:07.714Z] POST /api/pedidos
[2025-06-04T19:48:07.715Z] POST /api/pedidos 404 - 0ms
[2025-06-04T19:50:09.656Z] POST /api/auth/login
[2025-06-04T19:50:09.732Z] POST /api/auth/login 200 - 74ms
[2025-06-04T19:50:09.748Z] GET /api/carrinho
[2025-06-04T19:50:09.754Z] GET /api/carrinho 304 - 4ms
[2025-06-04T19:50:09.755Z] GET /api/carrinho
[2025-06-04T19:50:09.761Z] GET /api/carrinho 304 - 6ms
[2025-06-04T19:50:10.475Z] GET /api/produtos
[2025-06-04T19:50:10.479Z] GET /api/produtos 200 - 4ms
[2025-06-04T19:50:10.481Z] GET /api/produtos
[2025-06-04T19:50:10.483Z] GET /api/produtos 304 - 2ms
[2025-06-04T19:50:14.550Z] GET /api/carrinho
[2025-06-04T19:50:14.554Z] GET /api/carrinho 304 - 4ms
[2025-06-04T19:50:14.556Z] GET /api/carrinho
[2025-06-04T19:50:14.560Z] GET /api/carrinho 304 - 4ms
[2025-06-04T19:50:15.891Z] PUT /api/carrinho/itens/40
[2025-06-04T19:50:15.898Z] PUT /api/carrinho/itens/40 200 - 7ms
[2025-06-04T19:50:15.901Z] GET /api/carrinho
[2025-06-04T19:50:15.903Z] GET /api/carrinho 200 - 2ms
[2025-06-04T19:50:16.868Z] PUT /api/carrinho/itens/38
[2025-06-04T19:50:16.882Z] PUT /api/carrinho/itens/38 200 - 14ms
[2025-06-04T19:50:16.884Z] GET /api/carrinho
[2025-06-04T19:50:16.887Z] GET /api/carrinho 200 - 3ms
[2025-06-04T19:50:18.443Z] PUT /api/carrinho/itens/39
[2025-06-04T19:50:18.459Z] PUT /api/carrinho/itens/39 200 - 16ms
[2025-06-04T19:50:18.462Z] GET /api/carrinho
[2025-06-04T19:50:18.465Z] GET /api/carrinho 200 - 3ms
[2025-06-04T19:50:23.084Z] DELETE /api/carrinho/itens/40
[2025-06-04T19:50:23.099Z] DELETE /api/carrinho/itens/40 200 - 15ms
[2025-06-04T19:50:23.102Z] GET /api/carrinho
[2025-06-04T19:50:23.105Z] GET /api/carrinho 200 - 2ms
[2025-06-04T19:50:25.871Z] GET /api/carrinho
[2025-06-04T19:50:25.875Z] GET /api/carrinho 304 - 3ms
[2025-06-04T19:50:25.876Z] GET /api/carrinho
[2025-06-04T19:50:25.880Z] GET /api/carrinho 304 - 3ms
[2025-06-04T19:50:27.043Z] POST /api/pedidos
[2025-06-04T19:50:27.044Z] POST /api/pedidos 404 - 0ms
[2025-06-04T19:50:28.083Z] POST /api/pedidos
[2025-06-04T19:50:28.083Z] POST /api/pedidos 404 - 0ms
[2025-06-04T19:50:28.266Z] POST /api/pedidos
[2025-06-04T19:50:28.267Z] POST /api/pedidos 404 - 0ms
[2025-06-04T19:50:28.466Z] POST /api/pedidos
[2025-06-04T19:50:28.467Z] POST /api/pedidos 404 - 0ms
[2025-06-04T19:50:28.650Z] POST /api/pedidos
[2025-06-04T19:50:28.651Z] POST /api/pedidos 404 - 0ms
[2025-06-04T19:53:46.596Z] POST /api/pedidos
[2025-06-04T19:53:46.597Z] POST /api/pedidos 404 - 0ms
[2025-06-04T19:53:47.050Z] POST /api/pedidos
[2025-06-04T19:53:47.051Z] POST /api/pedidos 404 - 0ms
[2025-06-04T19:53:47.251Z] POST /api/pedidos
[2025-06-04T19:53:47.252Z] POST /api/pedidos 404 - 1ms
[2025-06-04T19:53:47.579Z] POST /api/pedidos
[2025-06-04T19:53:47.579Z] POST /api/pedidos 404 - 0ms
[2025-06-04T19:53:47.762Z] POST /api/pedidos
[2025-06-04T19:53:47.764Z] POST /api/pedidos 404 - 0ms
[2025-06-04T19:53:47.914Z] POST /api/pedidos
[2025-06-04T19:53:47.915Z] POST /api/pedidos 404 - 0ms
[2025-06-04T20:07:02.363Z] POST /api/pedidos
[2025-06-04T20:07:02.364Z] POST /api/pedidos 404 - 0ms
[2025-06-04T20:07:03.153Z] POST /api/pedidos
[2025-06-04T20:07:03.154Z] POST /api/pedidos 404 - 0ms
[2025-06-04T20:07:03.658Z] POST /api/pedidos
[2025-06-04T20:07:03.658Z] POST /api/pedidos 404 - 0ms
[2025-06-04T20:07:03.825Z] POST /api/pedidos
[2025-06-04T20:07:03.827Z] POST /api/pedidos 404 - 0ms
[2025-06-04T20:07:03.977Z] POST /api/pedidos
[2025-06-04T20:07:03.978Z] POST /api/pedidos 404 - 0ms
[2025-06-04T20:09:28.907Z] POST /api/pedidos
[2025-06-04T20:09:28.908Z] POST /api/pedidos 404 - 1ms
[2025-06-04T20:09:29.401Z] POST /api/pedidos
[2025-06-04T20:09:29.402Z] POST /api/pedidos 404 - 1ms
[2025-06-04T20:09:29.609Z] POST /api/pedidos
[2025-06-04T20:09:29.610Z] POST /api/pedidos 404 - 0ms
[2025-06-04T20:09:29.769Z] POST /api/pedidos
[2025-06-04T20:09:29.770Z] POST /api/pedidos 404 - 1ms
[2025-06-04T20:09:29.937Z] POST /api/pedidos
[2025-06-04T20:09:29.938Z] POST /api/pedidos 404 - 0ms
[2025-06-04T20:09:30.089Z] POST /api/pedidos
[2025-06-04T20:09:30.090Z] POST /api/pedidos 404 - 1ms
[2025-06-04T20:09:31.392Z] GET /api/carrinho
[2025-06-04T20:09:31.398Z] GET /api/carrinho 304 - 4ms
[2025-06-04T20:09:31.399Z] GET /api/carrinho
[2025-06-04T20:09:31.402Z] GET /api/carrinho 304 - 2ms
[2025-06-04T20:09:31.403Z] GET /api/carrinho
[2025-06-04T20:09:31.409Z] GET /api/carrinho 304 - 4ms
[2025-06-04T20:09:32.178Z] POST /api/pedidos
[2025-06-04T20:09:32.179Z] POST /api/pedidos 404 - 0ms
[2025-06-04T20:09:32.362Z] POST /api/pedidos
[2025-06-04T20:09:32.363Z] POST /api/pedidos 404 - 0ms
[2025-06-04T20:09:32.537Z] POST /api/pedidos
[2025-06-04T20:09:32.538Z] POST /api/pedidos 404 - 1ms
[2025-06-04T20:09:32.698Z] POST /api/pedidos
[2025-06-04T20:09:32.698Z] POST /api/pedidos 404 - 0ms
[2025-06-04T20:09:32.873Z] POST /api/pedidos
[2025-06-04T20:09:32.874Z] POST /api/pedidos 404 - 1ms
[2025-06-04T20:09:52.493Z] POST /api/pedidos
[2025-06-04T20:09:52.545Z] POST /api/pedidos 201 - 50ms
[2025-06-04T20:09:57.756Z] GET /api/pedidos/ativos
[2025-06-04T20:09:57.751Z] GET /api/pedidos
[2025-06-04T20:09:57.765Z] GET /api/pedidos 200 - 12ms
[2025-06-04T20:09:57.767Z] GET /api/pedidos
[2025-06-04T20:09:57.772Z] GET /api/pedidos 304 - 4ms
[2025-06-04T20:09:57.773Z] GET /api/pedidos/ativos
[2025-06-04T20:09:57.771Z] GET /api/pedidos/ativos 200 - 12ms
[2025-06-04T20:09:57.776Z] GET /api/pedidos/ativos 304 - 3ms
[2025-06-04T20:10:03.584Z] GET /api/carrinho
[2025-06-04T20:10:03.587Z] GET /api/pedidos
[2025-06-04T20:10:03.590Z] GET /api/pedidos/ativos
[2025-06-04T20:10:03.602Z] GET /api/carrinho 200 - 16ms
[2025-06-04T20:10:03.603Z] GET /api/pedidos 304 - 15ms
[2025-06-04T20:10:03.604Z] GET /api/carrinho
[2025-06-04T20:10:03.611Z] GET /api/pedidos/ativos 304 - 17ms
[2025-06-04T20:10:03.617Z] GET /api/carrinho 304 - 9ms
[2025-06-04T20:10:07.163Z] GET /api/carrinho
[2025-06-04T20:10:07.172Z] GET /api/carrinho
[2025-06-04T20:10:07.171Z] GET /api/carrinho 304 - 6ms
[2025-06-04T20:10:07.176Z] GET /api/carrinho 304 - 3ms
[2025-06-04T20:10:08.555Z] GET /api/carrinho
[2025-06-04T20:10:08.573Z] GET /api/carrinho 304 - 7ms
[2025-06-04T20:10:08.574Z] GET /api/carrinho
[2025-06-04T20:10:08.580Z] GET /api/carrinho 304 - 4ms
[2025-06-04T20:11:19.429Z] POST /api/auth/register
[2025-06-04T20:11:19.431Z] POST /api/auth/register 400 - 1ms
[2025-06-04T20:11:25.092Z] POST /api/auth/register
[2025-06-04T20:11:25.332Z] POST /api/auth/register 201 - 240ms
[2025-06-04T20:11:25.354Z] GET /api/carrinho
[2025-06-04T20:11:25.359Z] GET /api/carrinho 304 - 4ms
[2025-06-04T20:11:25.360Z] GET /api/carrinho
[2025-06-04T20:11:25.366Z] GET /api/carrinho 304 - 5ms
[2025-06-04T20:11:26.055Z] GET /api/produtos
[2025-06-04T20:11:26.067Z] GET /api/produtos 200 - 3ms
[2025-06-04T20:11:26.068Z] GET /api/produtos
[2025-06-04T20:11:26.073Z] GET /api/produtos 304 - 4ms
[2025-06-04T20:11:38.515Z] POST /api/carrinho/itens
[2025-06-04T20:11:38.579Z] POST /api/carrinho/itens 201 - 63ms
[2025-06-04T20:11:38.582Z] GET /api/carrinho
[2025-06-04T20:11:38.586Z] GET /api/carrinho 200 - 4ms
[2025-06-04T20:11:43.666Z] GET /api/carrinho
[2025-06-04T20:11:43.670Z] GET /api/carrinho 304 - 4ms
[2025-06-04T20:11:43.671Z] GET /api/carrinho
[2025-06-04T20:11:43.675Z] GET /api/carrinho 304 - 3ms
[2025-06-04T20:11:45.867Z] GET /api/produtos
[2025-06-04T20:11:45.870Z] GET /api/produtos 200 - 3ms
[2025-06-04T20:11:45.894Z] GET /api/carrinho
[2025-06-04T20:11:45.897Z] GET /api/carrinho 304 - 3ms
[2025-06-04T20:11:45.898Z] GET /api/carrinho
[2025-06-04T20:11:45.903Z] GET /api/carrinho 304 - 4ms
[2025-06-04T20:11:48.096Z] GET /api/carrinho
[2025-06-04T20:11:48.102Z] GET /api/carrinho 304 - 6ms
[2025-06-04T20:11:48.103Z] GET /api/carrinho
[2025-06-04T20:11:48.107Z] GET /api/carrinho 304 - 3ms
[2025-06-04T20:11:52.115Z] PUT /api/carrinho/itens/41
[2025-06-04T20:11:52.127Z] PUT /api/carrinho/itens/41 200 - 10ms
[2025-06-04T20:11:52.130Z] GET /api/carrinho
[2025-06-04T20:11:52.133Z] GET /api/carrinho 200 - 3ms
[2025-06-04T20:11:52.601Z] PUT /api/carrinho/itens/41
[2025-06-04T20:11:52.611Z] PUT /api/carrinho/itens/41 200 - 8ms
[2025-06-04T20:11:52.612Z] GET /api/carrinho
[2025-06-04T20:11:52.615Z] GET /api/carrinho 200 - 2ms
[2025-06-04T20:11:53.097Z] PUT /api/carrinho/itens/41
[2025-06-04T20:11:53.113Z] PUT /api/carrinho/itens/41 200 - 15ms
[2025-06-04T20:11:53.115Z] GET /api/carrinho
[2025-06-04T20:11:53.118Z] GET /api/carrinho 200 - 3ms
[2025-06-04T20:11:54.330Z] PUT /api/carrinho/itens/41
[2025-06-04T20:11:54.346Z] PUT /api/carrinho/itens/41 200 - 16ms
[2025-06-04T20:11:54.348Z] GET /api/carrinho
[2025-06-04T20:11:54.351Z] GET /api/carrinho 200 - 3ms
[2025-06-04T20:12:00.411Z] DELETE /api/carrinho/itens/41
[2025-06-04T20:12:00.427Z] DELETE /api/carrinho/itens/41 200 - 16ms
[2025-06-04T20:12:00.431Z] GET /api/carrinho
[2025-06-04T20:12:00.443Z] GET /api/carrinho 200 - 4ms
[2025-06-04T20:12:02.338Z] GET /api/produtos
[2025-06-04T20:12:02.341Z] GET /api/produtos 200 - 3ms
[2025-06-04T20:12:02.342Z] GET /api/produtos
[2025-06-04T20:12:02.345Z] GET /api/produtos 304 - 1ms
[2025-06-04T20:12:03.762Z] POST /api/carrinho/itens
[2025-06-04T20:12:03.774Z] POST /api/carrinho/itens 201 - 11ms
[2025-06-04T20:12:03.781Z] GET /api/carrinho
[2025-06-04T20:12:03.785Z] GET /api/carrinho 200 - 3ms
[2025-06-04T20:12:04.593Z] POST /api/carrinho/itens
[2025-06-04T20:12:04.610Z] POST /api/carrinho/itens 201 - 16ms
[2025-06-04T20:12:04.615Z] GET /api/carrinho
[2025-06-04T20:12:04.625Z] GET /api/carrinho 200 - 9ms
[2025-06-04T20:12:05.941Z] GET /api/carrinho
[2025-06-04T20:12:05.945Z] GET /api/carrinho 304 - 4ms
[2025-06-04T20:12:05.946Z] GET /api/carrinho
[2025-06-04T20:12:05.949Z] GET /api/carrinho 304 - 3ms
[2025-06-04T20:12:07.314Z] PUT /api/carrinho/itens/43
[2025-06-04T20:12:07.334Z] PUT /api/carrinho/itens/43 200 - 18ms
[2025-06-04T20:12:07.337Z] GET /api/carrinho
[2025-06-04T20:12:07.340Z] GET /api/carrinho 200 - 3ms
[2025-06-04T20:12:07.465Z] PUT /api/carrinho/itens/43
[2025-06-04T20:12:07.473Z] PUT /api/carrinho/itens/43 200 - 7ms
[2025-06-04T20:12:07.475Z] GET /api/carrinho
[2025-06-04T20:12:07.478Z] GET /api/carrinho 200 - 3ms
[2025-06-04T20:12:07.649Z] PUT /api/carrinho/itens/43
[2025-06-04T20:12:07.658Z] PUT /api/carrinho/itens/43 200 - 8ms
[2025-06-04T20:12:07.660Z] GET /api/carrinho
[2025-06-04T20:12:07.665Z] GET /api/carrinho 200 - 3ms
[2025-06-04T20:12:09.730Z] DELETE /api/carrinho/itens/42
[2025-06-04T20:12:09.740Z] DELETE /api/carrinho/itens/42 200 - 9ms
[2025-06-04T20:12:09.743Z] GET /api/carrinho
[2025-06-04T20:12:09.746Z] GET /api/carrinho 200 - 3ms
[2025-06-04T20:12:18.979Z] PUT /api/carrinho/itens/43
[2025-06-04T20:12:19.044Z] PUT /api/carrinho/itens/43 200 - 65ms
[2025-06-04T20:12:19.049Z] GET /api/carrinho
[2025-06-04T20:12:19.060Z] GET /api/carrinho 200 - 9ms
[2025-06-04T20:12:20.138Z] PUT /api/carrinho/itens/43
[2025-06-04T20:12:20.146Z] PUT /api/carrinho/itens/43 200 - 8ms
[2025-06-04T20:12:20.148Z] GET /api/carrinho
[2025-06-04T20:12:20.151Z] GET /api/carrinho 200 - 3ms
[2025-06-04T20:12:21.389Z] GET /api/carrinho
[2025-06-04T20:12:21.395Z] GET /api/carrinho 304 - 5ms
[2025-06-04T20:12:21.396Z] GET /api/carrinho
[2025-06-04T20:12:21.404Z] GET /api/carrinho 304 - 5ms
[2025-06-04T20:12:26.066Z] POST /api/pedidos
[2025-06-04T20:12:26.091Z] POST /api/pedidos 201 - 23ms
[2025-06-04T20:12:29.205Z] GET /api/pedidos
[2025-06-04T20:12:29.212Z] GET /api/pedidos/ativos
[2025-06-04T20:12:29.219Z] GET /api/pedidos 200 - 8ms
[2025-06-04T20:12:29.220Z] GET /api/pedidos
[2025-06-04T20:12:29.223Z] GET /api/pedidos/ativos 200 - 8ms
[2025-06-04T20:12:29.224Z] GET /api/pedidos 304 - 4ms
[2025-06-04T20:12:29.225Z] GET /api/pedidos/ativos
[2025-06-04T20:12:29.227Z] GET /api/pedidos/ativos 304 - 2ms
