[2025-06-06T16:37:51.023Z] POST /api/auth/login
[2025-06-06T16:37:51.825Z] POST /api/auth/login
[2025-06-06T16:37:52.079Z] POST /api/auth/login 200 - 251ms
[2025-06-06T16:37:52.096Z] GET /api/carrinho
[2025-06-06T16:37:52.092Z] GET /api/admin/pedidos/ativos
[2025-06-06T16:37:52.106Z] GET /api/admin/pedidos/ativos 304 - 12ms
[2025-06-06T16:37:52.110Z] GET /api/carrinho 304 - 12ms
[2025-06-06T16:37:52.110Z] GET /api/carrinho
[2025-06-06T16:37:52.115Z] GET /api/carrinho 304 - 4ms
[2025-06-06T16:37:52.827Z] GET /api/admin/pedidos/ativos
[2025-06-06T16:37:52.834Z] GET /api/produtos
[2025-06-06T16:37:52.841Z] GET /api/produtos 304 - 6ms
[2025-06-06T16:37:52.842Z] GET /api/produtos
[2025-06-06T16:37:52.844Z] GET /api/admin/pedidos/ativos 304 - 15ms
[2025-06-06T16:37:52.846Z] GET /api/produtos 304 - 3ms
[2025-06-06T16:37:52.847Z] GET /api/admin/pedidos/ativos
[2025-06-06T16:37:52.850Z] GET /api/admin/pedidos/ativos 304 - 3ms
[2025-06-06T16:38:09.561Z] GET /api/admin/pedidos/undefined/itens
[2025-06-06T16:38:09.571Z] GET /api/admin/pedidos/undefined/itens 500 - 9ms
[2025-06-06T16:45:53.812Z] GET /api/carrinho
[2025-06-06T16:45:53.817Z] GET /api/carrinho 304 - 5ms
[2025-06-06T16:45:53.818Z] GET /api/carrinho
[2025-06-06T16:45:53.821Z] GET /api/carrinho 304 - 3ms
[2025-06-06T16:45:55.813Z] GET /api/carrinho
[2025-06-06T16:45:55.819Z] GET /api/admin/pedidos/ativos
[2025-06-06T16:45:55.821Z] GET /api/produtos
[2025-06-06T16:45:55.824Z] GET /api/carrinho 304 - 11ms
[2025-06-06T16:45:55.826Z] GET /api/carrinho
[2025-06-06T16:45:55.834Z] GET /api/carrinho 304 - 5ms
[2025-06-06T16:45:55.835Z] GET /api/produtos 304 - 14ms
[2025-06-06T16:45:55.838Z] GET /api/admin/pedidos/ativos 304 - 19ms
[2025-06-06T16:52:06.130Z] GET /api/admin/pedidos/undefined/itens
[2025-06-06T16:52:06.135Z] GET /api/admin/pedidos/undefined/itens 500 - 5ms
[2025-06-06T16:52:16.871Z] GET /api/admin/pedidos/undefined/itens
[2025-06-06T16:52:16.876Z] GET /api/admin/pedidos/undefined/itens 500 - 5ms
[2025-06-06T17:02:46.330Z] GET /api/pedidos/ativos
[2025-06-06T17:02:46.334Z] GET /api/pedidos/ativos 304 - 4ms
[2025-06-06T17:03:53.279Z] GET /api/carrinho
[2025-06-06T17:03:53.284Z] GET /api/carrinho 304 - 4ms
[2025-06-06T17:03:53.285Z] GET /api/carrinho
[2025-06-06T17:03:53.288Z] GET /api/carrinho 304 - 3ms
[2025-06-06T17:03:55.182Z] GET /api/produtos
[2025-06-06T17:03:55.189Z] GET /api/produtos 304 - 5ms
[2025-06-06T17:03:55.190Z] GET /api/produtos
[2025-06-06T17:03:55.192Z] GET /api/produtos 304 - 2ms
[2025-06-06T17:03:56.086Z] POST /api/carrinho/itens
[2025-06-06T17:03:56.106Z] POST /api/carrinho/itens 201 - 19ms
[2025-06-06T17:03:56.108Z] GET /api/carrinho
[2025-06-06T17:03:56.113Z] GET /api/carrinho 200 - 4ms
[2025-06-06T17:03:57.337Z] GET /api/carrinho
[2025-06-06T17:03:57.342Z] GET /api/carrinho 304 - 4ms
[2025-06-06T17:03:57.343Z] GET /api/carrinho
[2025-06-06T17:03:57.348Z] GET /api/carrinho 304 - 4ms
[2025-06-06T17:03:59.256Z] GET /api/carrinho
[2025-06-06T17:03:59.260Z] GET /api/carrinho 304 - 3ms
[2025-06-06T17:03:59.261Z] GET /api/carrinho
[2025-06-06T17:03:59.265Z] GET /api/carrinho 304 - 3ms
[2025-06-06T17:04:06.181Z] POST /api/pedidos
[2025-06-06T17:04:06.204Z] POST /api/pedidos 201 - 22ms
[2025-06-06T17:04:09.870Z] GET /api/pedidos
[2025-06-06T17:04:09.883Z] GET /api/pedidos 200 - 9ms
[2025-06-06T17:04:09.884Z] GET /api/pedidos
[2025-06-06T17:04:09.889Z] GET /api/pedidos 304 - 3ms
[2025-06-06T17:04:28.768Z] GET /api/carrinho
[2025-06-06T17:04:28.770Z] GET /api/pedidos/ativos
[2025-06-06T17:04:28.774Z] GET /api/carrinho 200 - 5ms
[2025-06-06T17:04:28.776Z] GET /api/pedidos/ativos 200 - 4ms
[2025-06-06T17:04:28.776Z] GET /api/carrinho
[2025-06-06T17:04:28.780Z] GET /api/carrinho 304 - 3ms
