[2025-06-10T16:31:26.421Z] POST /api/auth/login
[2025-06-10T16:31:26.772Z] POST /api/auth/login 401 - 350ms
[2025-06-10T16:31:30.066Z] POST /api/auth/login
[2025-06-10T16:31:30.294Z] POST /api/auth/login 200 - 227ms
[2025-06-10T16:31:30.313Z] GET /api/carrinho
[2025-06-10T16:31:30.954Z] GET /api/produtos
[2025-06-10T16:31:30.966Z] GET /api/produtos 304 - 10ms
[2025-06-10T16:31:30.967Z] GET /api/produtos
[2025-06-10T16:31:30.969Z] GET /api/produtos 304 - 1ms
[2025-06-10T16:31:49.731Z] POST /api/carrinho/itens
[2025-06-10T16:31:50.317Z] GET /api/carrinho
[2025-06-10T16:32:04.276Z] POST /api/carrinho/itens
[2025-06-10T16:33:48.876Z] POST /api/carrinho/itens
[2025-06-10T16:33:57.551Z] GET /api/produtos
[2025-06-10T16:33:57.556Z] GET /api/produtos 304 - 4ms
[2025-06-10T16:33:57.582Z] GET /api/carrinho
[2025-06-10T16:33:58.698Z] POST /api/carrinho/itens
[2025-06-10T16:34:05.293Z] GET /api/produtos
[2025-06-10T16:34:05.301Z] GET /api/produtos 304 - 7ms
[2025-06-10T16:34:05.327Z] GET /api/carrinho
[2025-06-10T16:34:25.332Z] GET /api/carrinho
[2025-06-10T16:37:40.555Z] POST /api/carrinho/itens
[2025-06-10T16:39:54.403Z] POST /api/carrinho/itens
[2025-06-10T16:39:54.406Z] GET /api/carrinho
[2025-06-10T16:40:06.888Z] GET /api/carrinho
[2025-06-10T16:40:06.889Z] GET /api/carrinho
[2025-06-10T16:47:20.509Z] GET /api/carrinho
[2025-06-10T16:47:40.528Z] GET /api/carrinho
[2025-06-10T16:47:40.531Z] GET /api/carrinho
[2025-06-10T16:48:38.084Z] POST /api/auth/login
[2025-06-10T16:48:38.335Z] POST /api/auth/login 200 - 250ms
[2025-06-10T16:48:39.087Z] GET /api/admin/pedidos/ativos
[2025-06-10T16:48:58.368Z] GET /api/carrinho
[2025-06-10T16:48:58.369Z] GET /api/carrinho
[2025-06-10T16:49:08.821Z] GET /api/carrinho
[2025-06-10T16:49:08.822Z] GET /api/admin/pedidos/ativos
[2025-06-10T16:49:28.830Z] GET /api/carrinho
[2025-06-10T16:49:48.785Z] GET /api/carrinho
[2025-06-10T16:50:46.794Z] GET /api/carrinho
[2025-06-10T16:50:58.327Z] GET /api/carrinho
[2025-06-10T16:58:23.482Z] GET /api/carrinho
[2025-06-10T16:58:35.411Z] GET /api/carrinho
[2025-06-10T16:58:38.762Z] GET /api/produtos
[2025-06-10T16:58:38.796Z] GET /api/produtos 304 - 33ms
[2025-06-10T16:58:38.797Z] GET /api/produtos
[2025-06-10T16:58:38.799Z] GET /api/produtos 304 - 2ms
[2025-06-10T16:58:39.651Z] POST /api/carrinho/itens
[2025-06-10T16:58:55.422Z] GET /api/carrinho
[2025-06-10T16:59:33.386Z] POST /api/carrinho/itens
[2025-06-10T16:59:37.651Z] GET /api/produtos
[2025-06-10T16:59:37.655Z] GET /api/produtos 304 - 4ms
[2025-06-10T16:59:37.678Z] GET /api/carrinho
[2025-06-10T16:59:57.681Z] GET /api/carrinho
[2025-06-10T17:01:10.987Z] GET /api/produtos
[2025-06-10T17:01:10.991Z] GET /api/produtos 200 - 3ms
[2025-06-10T17:01:11.023Z] GET /api/carrinho
[2025-06-10T17:01:14.161Z] POST /api/carrinho/itens
[2025-06-10T17:01:15.544Z] POST /api/carrinho/itens
[2025-06-10T17:01:16.376Z] POST /api/carrinho/itens
[2025-06-10T17:01:16.976Z] POST /api/carrinho/itens
[2025-06-10T17:01:17.839Z] POST /api/carrinho/itens
[2025-06-10T17:05:18.331Z] GET /api/produtos
[2025-06-10T17:05:18.339Z] GET /api/produtos 304 - 6ms
[2025-06-10T17:07:29.725Z] GET /api/produtos
[2025-06-10T17:07:29.738Z] GET /api/produtos 304 - 13ms
[2025-06-10T17:07:37.810Z] POST /api/auth/login
[2025-06-10T17:07:38.037Z] POST /api/auth/login 401 - 226ms
[2025-06-10T17:07:41.935Z] POST /api/auth/login
[2025-06-10T17:07:42.163Z] POST /api/auth/login 200 - 226ms
[2025-06-10T17:07:42.181Z] GET /api/carrinho
[2025-06-10T17:07:42.297Z] GET /api/produtos
[2025-06-10T17:07:42.300Z] GET /api/produtos 304 - 2ms
[2025-06-10T17:07:42.301Z] GET /api/produtos
[2025-06-10T17:07:42.304Z] GET /api/produtos 304 - 2ms
[2025-06-10T17:07:43.952Z] POST /api/carrinho/itens
[2025-06-10T17:08:02.192Z] GET /api/carrinho
[2025-06-10T17:09:36.072Z] POST /api/carrinho/itens
[2025-06-10T17:09:42.724Z] GET /api/produtos
[2025-06-10T17:09:42.728Z] GET /api/produtos 304 - 2ms
[2025-06-10T17:09:42.785Z] GET /api/carrinho
[2025-06-10T17:09:53.713Z] GET /api/produtos
[2025-06-10T17:09:53.721Z] GET /api/produtos 304 - 4ms
[2025-06-10T17:09:53.749Z] GET /api/carrinho
[2025-06-10T17:10:13.755Z] GET /api/carrinho
[2025-06-10T17:10:30.592Z] GET /api/carrinho
[2025-06-10T17:10:51.840Z] GET /api/carrinho
[2025-06-10T17:10:54.013Z] GET /api/produtos
[2025-06-10T17:10:54.035Z] GET /api/produtos 304 - 14ms
[2025-06-10T17:11:14.098Z] GET /api/carrinho
[2025-06-10T17:11:14.099Z] GET /api/carrinho
[2025-06-10T17:11:49.299Z] GET /api/admin/pedidos/ativos
[2025-06-10T17:12:59.424Z] GET /api/produto/ 404 - 1ms
[2025-06-10T17:12:59.423Z] GET /api/produto/
[2025-06-10T17:13:02.661Z] GET /api/produtod
[2025-06-10T17:13:02.662Z] GET /api/produtod 404 - 1ms
[2025-06-10T17:13:03.493Z] GET /api/produtos
[2025-06-10T17:13:03.497Z] GET /api/produtos 200 - 3ms
[2025-06-10T17:13:12.212Z] GET /api/carrinho
[2025-06-10T17:20:19.682Z] POST /api/carrinho/itens
[2025-06-10T17:34:01.249Z] GET /api/carrinho
[2025-06-10T17:35:01.372Z] GET /api/carrinho/itens
[2025-06-10T17:35:05.144Z] GET /api/carrinho
[2025-06-10T17:49:18.192Z] POST /api/carrinho/itens
[2025-06-10T17:59:46.040Z] GET /api/produtos
[2025-06-10T17:59:46.202Z] GET /api/produtos 304 - 112ms
[2025-06-10T17:59:46.204Z] GET /api/carrinho
[2025-06-10T17:59:47.326Z] POST /api/carrinho/itens
[2025-06-10T17:59:55.583Z] POST /api/carrinho/itens
[2025-06-10T18:00:06.178Z] GET /api/carrinho
[2025-06-10T18:00:22.640Z] GET /api/produtos
[2025-06-10T18:00:22.647Z] GET /api/produtos 304 - 4ms
[2025-06-10T18:00:22.755Z] GET /api/carrinho
[2025-06-10T18:00:24.606Z] GET /api/produtos
[2025-06-10T18:00:24.624Z] GET /api/produtos 304 - 5ms
[2025-06-10T18:00:24.698Z] GET /api/carrinho
[2025-06-10T18:00:26.094Z] POST /api/carrinho/itens
[2025-06-10T18:00:44.701Z] GET /api/carrinho
[2025-06-10T18:16:20.898Z] GET /api/produtos
[2025-06-10T18:16:20.916Z] GET /api/produtos 304 - 9ms
[2025-06-10T18:16:21.115Z] GET /api/carrinho
[2025-06-10T18:16:23.677Z] POST /api/carrinho/itens
[2025-06-10T18:16:34.738Z] GET /api/carrinho/itens
[2025-06-10T18:16:41.125Z] GET /api/carrinho
[2025-06-10T18:17:06.975Z] GET /api/carrinho
[2025-06-10T18:25:08.271Z] GET /api/carrinho
[2025-06-10T18:25:08.297Z] POST /api/carrinho/itens
[2025-06-10T18:25:44.688Z] GET /api/carrinho
[2025-06-10T18:33:37.847Z] GET /api/produtos
[2025-06-10T18:33:38.370Z] GET /api/carrinho
[2025-06-10T18:33:38.381Z] GET /api/produtos 304 - 34ms
[2025-06-10T18:34:12.296Z] POST /api/carrinho/itens
[2025-06-10T18:34:42.639Z] POST /api/auth/login
[2025-06-10T18:34:42.892Z] POST /api/auth/login 401 - 253ms
[2025-06-10T18:34:47.307Z] POST /api/auth/login
[2025-06-10T18:34:47.535Z] POST /api/auth/login 200 - 226ms
[2025-06-10T18:34:47.582Z] GET /api/carrinho
[2025-06-10T18:34:47.755Z] GET /api/produtos
[2025-06-10T18:34:47.762Z] GET /api/produtos 304 - 5ms
[2025-06-10T18:34:47.764Z] GET /api/produtos
[2025-06-10T18:34:47.766Z] GET /api/produtos 304 - 1ms
[2025-06-10T18:34:48.836Z] POST /api/carrinho/itens
[2025-06-10T18:35:07.585Z] GET /api/carrinho
[2025-06-10T18:40:21.883Z] GET /api/carrinho
[2025-06-10T18:40:24.770Z] GET /api/produtos
[2025-06-10T18:40:24.775Z] GET /api/produtos 304 - 4ms
[2025-06-10T18:40:24.813Z] GET /api/carrinho
[2025-06-10T18:40:26.331Z] POST /api/carrinho/itens
[2025-06-10T18:40:44.827Z] GET /api/carrinho
[2025-06-10T18:44:59.029Z] GET /api/produtos
[2025-06-10T18:44:59.063Z] GET /api/produtos 304 - 33ms
[2025-06-10T18:44:59.090Z] GET /api/carrinho
[2025-06-10T18:45:01.744Z] GET /api/carrinho
[2025-06-10T18:45:03.584Z] POST /api/carrinho/itens
[2025-06-10T18:45:19.095Z] GET /api/carrinho
