[2025-05-29T17:45:01.742Z] POST /auth/register
[2025-05-29T17:45:01.837Z] POST /auth/register 201 - 92ms
[2025-05-29T17:45:35.178Z] POST /auth/login
[2025-05-29T17:45:35.264Z] POST /auth/login 200 - 84ms
[2025-05-29T17:47:43.244Z] GET /api/produtos
[2025-05-29T17:47:43.247Z] GET /api/produtos 404 - 1ms
[2025-05-29T17:52:39.216Z] GET /api/produtos
[2025-05-29T17:52:39.252Z] GET /api/produtos 200 - 33ms
[2025-05-29T17:53:46.413Z] POST /api/carrinho
[2025-05-29T17:53:46.419Z] POST /api/carrinho 404 - 5ms
[2025-05-29T17:57:01.260Z] POST /api/carrinho/items
[2025-05-29T17:57:01.290Z] POST /api/carrinho/items 404 - 29ms
[2025-05-29T18:18:23.835Z] POST /api/carrinho/items
[2025-05-29T18:18:23.849Z] POST /api/carrinho/items 201 - 13ms
[2025-05-29T18:20:22.482Z] GET /carrinho
[2025-05-29T18:20:22.484Z] GET /carrinho 404 - 1ms
[2025-05-29T18:20:28.259Z] GET /api/carrinho
[2025-05-29T18:20:28.267Z] GET /api/carrinho 200 - 8ms
[2025-05-29T18:21:53.067Z] PUT /api/carrinho/4
[2025-05-29T18:21:53.070Z] PUT /api/carrinho/4 404 - 2ms
[2025-05-29T18:22:22.387Z] PUT /api/carrinho/items/4
[2025-05-29T18:22:22.391Z] PUT /api/carrinho/items/4 404 - 3ms
[2025-05-29T18:22:40.531Z] PUT /api/carrinho/items/1
[2025-05-29T18:22:40.550Z] PUT /api/carrinho/items/1 200 - 19ms
[2025-05-29T18:23:54.498Z] DELETE /api/carrinho/items/1
[2025-05-29T18:23:54.515Z] DELETE /api/carrinho/items/1 200 - 16ms
[2025-05-29T18:24:40.641Z] DELETE /api/carrinho
[2025-05-29T18:24:40.658Z] DELETE /api/carrinho 200 - 16ms
[2025-05-29T18:24:47.250Z] GET /api/carrinho
[2025-05-29T18:24:47.254Z] GET /api/carrinho 200 - 3ms
[2025-05-29T18:26:22.457Z] POST /api/pedido
[2025-05-29T18:26:22.458Z] POST /api/pedido 404 - 1ms
[2025-05-29T18:26:45.530Z] POST /api/pedidos
[2025-05-29T18:26:45.532Z] POST /api/pedidos 404 - 0ms
[2025-05-29T18:26:46.089Z] POST /api/pedidos
[2025-05-29T18:26:46.091Z] POST /api/pedidos 404 - 1ms
[2025-05-29T18:27:00.242Z] POST /api/pedido
[2025-05-29T18:27:00.243Z] POST /api/pedido 404 - 1ms
[2025-05-29T18:27:33.978Z] POST /api/pedido
[2025-05-29T18:27:33.980Z] POST /api/pedido 404 - 0ms
[2025-05-29T18:27:34.449Z] POST /api/pedido
[2025-05-29T18:27:34.450Z] POST /api/pedido 404 - 1ms
[2025-05-29T18:27:34.616Z] POST /api/pedido
[2025-05-29T18:27:34.618Z] POST /api/pedido 404 - 1ms
[2025-05-29T18:27:42.735Z] POST /api/pedido
[2025-05-29T18:27:42.737Z] POST /api/pedido 404 - 0ms
[2025-05-29T18:28:10.485Z] POST /api/pedido
[2025-05-29T18:28:10.491Z] POST /api/pedido 404 - 4ms
[2025-05-29T18:31:23.111Z] POST /api/pedido
[2025-05-29T18:31:23.149Z] POST /api/pedido 400 - 36ms
[2025-05-29T18:31:33.724Z] POST /api/carrinho/items
[2025-05-29T18:31:33.746Z] POST /api/carrinho/items 201 - 21ms
[2025-05-29T18:31:36.249Z] POST /api/pedido
[2025-05-29T18:31:36.258Z] POST /api/pedido 500 - 8ms
[2025-05-29T18:37:05.118Z] POST /api/pedido
[2025-05-29T18:37:05.179Z] POST /api/pedido 201 - 59ms
[2025-05-29T18:38:14.665Z] GET /api/pedido
[2025-05-29T18:38:14.670Z] GET /api/pedido 200 - 4ms
[2025-05-29T18:39:25.912Z] GET /api/pedido/4/itens
[2025-05-29T18:39:25.914Z] GET /api/pedido/4/itens 404 - 1ms
[2025-05-29T18:41:01.422Z] GET /api/pedido/4/itens
[2025-05-29T18:41:01.428Z] GET /api/pedido/4/itens 404 - 5ms
[2025-05-29T18:41:16.446Z] GET /api/pedido/4/itens
[2025-05-29T18:41:16.451Z] GET /api/pedido/4/itens 404 - 4ms
[2025-05-29T18:46:03.853Z] GET /api/pedido/4/itens
[2025-05-29T18:46:03.859Z] GET /api/pedido/4/itens 404 - 4ms
[2025-05-29T18:48:41.793Z] GET /api/pedido/4/itens
[2025-05-29T18:48:41.795Z] GET /api/pedido/4/itens 404 - 1ms
[2025-05-29T18:50:06.019Z] GET /api/pedido/4/itens
[2025-05-29T18:50:06.025Z] GET /api/pedido/4/itens 404 - 4ms
[2025-05-29T18:50:06.560Z] GET /api/pedido/4/itens
[2025-05-29T18:50:06.562Z] GET /api/pedido/4/itens 404 - 1ms
[2025-05-29T18:50:29.670Z] GET /api/pedido/4/itens
[2025-05-29T18:50:29.676Z] GET /api/pedido/4/itens 404 - 4ms
[2025-05-29T18:50:30.168Z] GET /api/pedido/4/itens
[2025-05-29T18:50:30.170Z] GET /api/pedido/4/itens 404 - 1ms
[2025-05-29T18:50:30.336Z] GET /api/pedido/4/itens
[2025-05-29T18:50:30.337Z] GET /api/pedido/4/itens 404 - 1ms
[2025-05-29T18:50:30.488Z] GET /api/pedido/4/itens
[2025-05-29T18:50:30.490Z] GET /api/pedido/4/itens 404 - 0ms
[2025-05-29T18:50:31.936Z] GET /api/pedido/4/itens
[2025-05-29T18:50:31.937Z] GET /api/pedido/4/itens 404 - 1ms
[2025-05-29T18:50:32.088Z] GET /api/pedido/4/itens
[2025-05-29T18:50:32.090Z] GET /api/pedido/4/itens 404 - 0ms
[2025-05-29T18:50:32.247Z] GET /api/pedido/4/itens
[2025-05-29T18:50:32.249Z] GET /api/pedido/4/itens 404 - 0ms
[2025-05-29T18:50:32.391Z] GET /api/pedido/4/itens
[2025-05-29T18:50:32.392Z] GET /api/pedido/4/itens 404 - 0ms
[2025-05-29T18:50:32.550Z] GET /api/pedido/4/itens
[2025-05-29T18:50:32.552Z] GET /api/pedido/4/itens 404 - 0ms
[2025-05-29T18:50:32.686Z] GET /api/pedido/4/itens
[2025-05-29T18:50:32.688Z] GET /api/pedido/4/itens 404 - 0ms
[2025-05-29T18:50:32.815Z] GET /api/pedido/4/itens
[2025-05-29T18:50:32.817Z] GET /api/pedido/4/itens 404 - 0ms
[2025-05-29T18:54:09.169Z] GET /api/pedido/4/itens
[2025-05-29T18:54:09.171Z] GET /api/pedido/4/itens 404 - 1ms
[2025-05-29T18:54:09.591Z] GET /api/pedido/4/itens
[2025-05-29T18:54:09.593Z] GET /api/pedido/4/itens 404 - 1ms
[2025-05-29T18:54:56.015Z] GET /api/pedido/4/itens
[2025-05-29T18:54:56.022Z] GET /api/pedido/4/itens 404 - 5ms
[2025-05-29T18:54:56.488Z] GET /api/pedido/4/itens
[2025-05-29T18:54:56.490Z] GET /api/pedido/4/itens 404 - 1ms
[2025-05-29T18:56:08.254Z] GET /api/pedido
[2025-05-29T18:56:08.296Z] GET /api/pedido 200 - 40ms
[2025-05-29T18:59:39.373Z] GET /api/pedido/4/itens
[2025-05-29T18:59:39.379Z] GET /api/pedido/4/itens 404 - 4ms
[2025-05-29T18:59:49.531Z] GET /api/carrinho
[2025-05-29T18:59:49.573Z] GET /api/carrinho 200 - 40ms
[2025-05-29T18:59:55.808Z] GET /api/pedido
[2025-05-29T18:59:55.813Z] GET /api/pedido 200 - 4ms
[2025-05-29T19:00:06.847Z] GET /api/pedido/1/itens
[2025-05-29T19:00:06.849Z] GET /api/pedido/1/itens 404 - 1ms
[2025-05-29T19:00:08.006Z] GET /api/pedido/1/itens
[2025-05-29T19:00:08.008Z] GET /api/pedido/1/itens 404 - 1ms
[2025-05-29T19:00:27.696Z] GET /api/pedido
[2025-05-29T19:00:27.700Z] GET /api/pedido 200 - 3ms
[2025-05-29T19:00:38.424Z] GET /api/pedido/1
[2025-05-29T19:00:38.426Z] GET /api/pedido/1 404 - 1ms
[2025-05-29T19:00:48.912Z] GET /api/pedido/4/item
[2025-05-29T19:00:48.914Z] GET /api/pedido/4/item 404 - 0ms
[2025-05-29T19:00:51.327Z] GET /api/pedido/4/items
[2025-05-29T19:00:51.329Z] GET /api/pedido/4/items 404 - 1ms
[2025-05-29T19:00:54.207Z] GET /api/pedido/4/iten
[2025-05-29T19:00:54.209Z] GET /api/pedido/4/iten 404 - 0ms
[2025-05-29T19:00:55.823Z] GET /api/pedido/4/itens
[2025-05-29T19:00:55.824Z] GET /api/pedido/4/itens 404 - 1ms
[2025-05-29T19:00:55.998Z] GET /api/pedido/4/itens
[2025-05-29T19:00:56.001Z] GET /api/pedido/4/itens 404 - 1ms
[2025-05-29T19:01:55.652Z] GET /api/pedido/4/items 404 - 5ms
[2025-05-29T19:01:55.645Z] GET /api/pedido/4/items
[2025-05-29T19:01:56.151Z] GET /api/pedido/4/items
[2025-05-29T19:01:56.153Z] GET /api/pedido/4/items 404 - 1ms
[2025-05-29T19:01:56.294Z] GET /api/pedido/4/items
[2025-05-29T19:01:56.295Z] GET /api/pedido/4/items 404 - 1ms
[2025-05-29T19:02:16.299Z] GET /api/pedido/4/itens
[2025-05-29T19:02:16.305Z] GET /api/pedido/4/itens 404 - 3ms
[2025-05-29T19:02:19.552Z] GET /api/pedido/4/itens
[2025-05-29T19:02:19.554Z] GET /api/pedido/4/itens 404 - 2ms
[2025-05-29T19:02:19.687Z] GET /api/pedido/4/itens
[2025-05-29T19:02:19.688Z] GET /api/pedido/4/itens 404 - 1ms
[2025-05-29T19:02:19.807Z] GET /api/pedido/4/itens
[2025-05-29T19:02:19.808Z] GET /api/pedido/4/itens 404 - 1ms
[2025-05-29T19:02:19.935Z] GET /api/pedido/4/itens
[2025-05-29T19:02:19.937Z] GET /api/pedido/4/itens 404 - 1ms
[2025-05-29T19:03:21.386Z] GET /api/pedido/4/itens
[2025-05-29T19:03:21.391Z] GET /api/pedido/4/itens 404 - 4ms
[2025-05-29T19:04:29.291Z] GET /api/pedido
[2025-05-29T19:04:29.330Z] GET /api/pedido 200 - 37ms
[2025-05-29T19:04:31.352Z] GET /api/pedido/4/itens
[2025-05-29T19:04:31.354Z] GET /api/pedido/4/itens 404 - 1ms
[2025-05-29T19:04:31.871Z] GET /api/pedido/4/itens
[2025-05-29T19:04:31.873Z] GET /api/pedido/4/itens 404 - 1ms
[2025-05-29T19:04:32.040Z] GET /api/pedido/4/itens
[2025-05-29T19:04:32.042Z] GET /api/pedido/4/itens 404 - 1ms
[2025-05-29T19:06:52.452Z] GET /api/pedido/4/itens
[2025-05-29T19:06:52.493Z] GET /api/pedido/4/itens 200 - 37ms
[2025-05-29T19:08:03.417Z] POST /auth/register
[2025-05-29T19:08:03.419Z] POST /auth/register 404 - 1ms
[2025-05-29T19:08:14.265Z] POST /api/auth/register
[2025-05-29T19:08:14.342Z] POST /api/auth/register 201 - 76ms
[2025-05-29T19:08:32.775Z] POST /auth/login
[2025-05-29T19:08:32.776Z] POST /auth/login 404 - 1ms
[2025-05-29T19:08:36.935Z] POST /api/auth/login
[2025-05-29T19:08:36.997Z] POST /api/auth/login 401 - 60ms
[2025-05-29T19:08:41.838Z] POST /api/auth/login
[2025-05-29T19:08:41.897Z] POST /api/auth/login 200 - 59ms
[2025-05-29T19:10:04.224Z] GET /api/produtos
[2025-05-29T19:10:04.228Z] GET /api/produtos 200 - 3ms
[2025-05-29T19:13:05.335Z] POST /api/carrinho/items
[2025-05-29T19:13:05.357Z] POST /api/carrinho/items 201 - 20ms
[2025-05-29T19:13:10.960Z] POST /api/carrinho/items
[2025-05-29T19:13:10.980Z] POST /api/carrinho/items 201 - 18ms
[2025-05-29T19:13:17.080Z] POST /api/carrinho/items
[2025-05-29T19:13:17.096Z] POST /api/carrinho/items 201 - 16ms
[2025-05-29T19:13:20.671Z] POST /api/carrinho/items
[2025-05-29T19:13:20.690Z] POST /api/carrinho/items 201 - 18ms
[2025-05-29T19:13:35.200Z] GET /api/carrinho
[2025-05-29T19:13:35.209Z] GET /api/carrinho 200 - 8ms
[2025-05-29T19:13:58.536Z] POST /api/pedido
[2025-05-29T19:13:58.572Z] POST /api/pedido 201 - 35ms
[2025-05-29T19:14:07.160Z] GET /api/pedido
[2025-05-29T19:14:07.165Z] GET /api/pedido 200 - 4ms
[2025-05-29T19:14:21.392Z] GET /api/pedido/4/itens
[2025-05-29T19:14:21.396Z] GET /api/pedido/4/itens 200 - 3ms
