[2025-05-21T17:38:41.371Z] GET /
[2025-05-21T17:38:41.381Z] GET / 304 - 6ms
[2025-05-21T17:38:46.326Z] GET /produtos
[2025-05-21T17:38:46.357Z] GET /produtos 500 - 29ms
[2025-05-21T17:39:07.717Z] GET /produtos
[2025-05-21T17:39:07.750Z] GET /produtos 200 - 32ms
[2025-05-21T17:39:24.499Z] GET / 304 - 5ms
[2025-05-21T17:39:24.491Z] GET /
[2025-05-21T17:39:32.343Z] GET /produtos/2
[2025-05-21T17:39:32.383Z] GET /produtos/2 200 - 40ms
[2025-05-21T17:40:26.532Z] POST /produtos
[2025-05-21T17:40:26.538Z] POST /produtos 403 - 5ms
[2025-05-21T17:41:35.899Z] POST /produtos
[2025-05-21T17:41:35.901Z] POST /produtos 403 - 1ms
[2025-05-21T17:41:36.688Z] POST /produtos
[2025-05-21T17:41:36.691Z] POST /produtos 403 - 1ms
[2025-05-21T17:41:49.944Z] POST /produtos
[2025-05-21T17:41:49.948Z] POST /produtos 403 - 2ms
[2025-05-21T17:41:50.431Z] POST /produtos
[2025-05-21T17:41:50.434Z] POST /produtos 403 - 2ms
[2025-05-21T17:42:08.448Z] POST /auth/login
[2025-05-21T17:42:08.515Z] POST /auth/login 200 - 65ms
[2025-05-21T17:42:17.208Z] POST /auth/register
[2025-05-21T17:42:17.211Z] POST /auth/register 400 - 3ms
[2025-05-21T17:42:46.703Z] POST /produtos
[2025-05-21T17:42:46.704Z] POST /produtos 401 - 1ms
[2025-05-21T17:42:47.590Z] POST /produtos
[2025-05-21T17:42:47.592Z] POST /produtos 401 - 0ms
[2025-05-21T17:43:06.975Z] POST /produtos
[2025-05-21T17:43:06.978Z] POST /produtos 403 - 2ms
[2025-05-21T17:46:19.440Z] POST /produtos
[2025-05-21T17:46:19.455Z] POST /produtos 201 - 13ms
[2025-05-21T17:46:47.384Z] POST /auth/register
[2025-05-21T17:46:47.450Z] POST /auth/register 201 - 65ms
[2025-05-21T17:46:57.599Z] POST /auth/login
[2025-05-21T17:46:57.659Z] POST /auth/login 200 - 59ms
